#
# There is insufficient memory for the Java Runtime Environment to continue.
# Native memory allocation (mmap) failed to map 10485760 bytes for G1 virtual space
# Possible reasons:
#   The system is out of physical RAM or swap space
#   The process is running with CompressedOops enabled, and the Java Heap may be blocking the growth of the native heap
# Possible solutions:
#   Reduce memory load on the system
#   Increase physical memory or swap space
#   Check if swap backing store is full
#   Decrease Java heap size (-Xmx/-Xms)
#   Decrease number of Java threads
#   Decrease Java thread stack sizes (-Xss)
#   Set larger code cache with -XX:ReservedCodeCacheSize=
#   JVM is running with Unscaled Compressed Oops mode in which the Java heap is
#     placed in the first 4GB address space. The Java Heap base address is the
#     maximum limit for the native heap growth. Please use -XX:HeapBaseMinAddress
#     to set the Java Heap base and to place the Java Heap above 4GB virtual address.
# This output file may be truncated or incomplete.
#
#  Out of Memory Error (os_windows.cpp:3530), pid=17912, tid=28576
#
# JRE version: OpenJDK Runtime Environment (18.0.1.1+2) (build 18.0.1.1+2-6)
# Java VM: OpenJDK 64-Bit Server VM (18.0.1.1+2-6, mixed mode, emulated-client, sharing, tiered, compressed oops, compressed class ptrs, g1 gc, windows-amd64)
# No core dump will be written. Minidumps are not enabled by default on client versions of Windows
#

---------------  S U M M A R Y ------------

Command Line: -XX:TieredStopAtLevel=1 -Xverify:none -Dspring.output.ansi.enabled=always -Dcom.sun.management.jmxremote -Dspring.jmx.enabled=true -Dspring.liveBeansView.mbeanDomain -Dspring.application.admin.enabled=true -javaagent:C:\Program Files\JetBrains\IntelliJ IDEA 2022.1.3\lib\idea_rt.jar=61719:C:\Program Files\JetBrains\IntelliJ IDEA 2022.1.3\bin -Dfile.encoding=UTF-8 com.example.animallist.AnimalListApplication

Host: AMD FX(tm)-6300 Six-Core Processor             , 6 cores, 7G,  Windows 10 , 64 bit Build 19041 (10.0.19041.1741)
Time: Sat Jul  9 20:55:53 2022 RTZ 7 (s 10 , 64 bit Build 19041 (10.0.19041.1741) elapsed time: 12.376383 seconds (0d 0h 0m 12s)

---------------  T H R E A D  ---------------

Current thread (0x000001ecaaa54d80):  VMThread "VM Thread" [stack: 0x000000c715b00000,0x000000c715c00000] [id=28576]

Stack: [0x000000c715b00000,0x000000c715c00000]
Native frames: (J=compiled Java code, j=interpreted, Vv=VM code, C=native code)
V  [jvm.dll+0x69887a]
V  [jvm.dll+0x7f38bd]
V  [jvm.dll+0x7f51ce]
V  [jvm.dll+0x7f5883]
V  [jvm.dll+0x25ca3f]
V  [jvm.dll+0x6957c9]
V  [jvm.dll+0x68a2fa]
V  [jvm.dll+0x321efb]
V  [jvm.dll+0x3298d6]
V  [jvm.dll+0x37e47e]
V  [jvm.dll+0x37e6af]
V  [jvm.dll+0x2f9c7a]
V  [jvm.dll+0x2f9d27]
V  [jvm.dll+0x33e262]
V  [jvm.dll+0x33c804]
V  [jvm.dll+0x2f9450]
V  [jvm.dll+0x33bddb]
V  [jvm.dll+0x7fa66b]
V  [jvm.dll+0x7fb404]
V  [jvm.dll+0x7fb93c]
V  [jvm.dll+0x7fbd94]
V  [jvm.dll+0x7fbe57]
V  [jvm.dll+0x7a03ea]
V  [jvm.dll+0x697725]
C  [ucrtbase.dll+0x21bb2]
C  [KERNEL32.DLL+0x17034]
C  [ntdll.dll+0x52651]

VM_Operation (0x000000c717bfb340): G1CollectForAllocation, mode: safepoint, requested by thread 0x000001ecb04ee340


---------------  P R O C E S S  ---------------

Threads class SMR info:
_java_thread_list=0x000001ecb0ba1620, length=36, elements={
0x000001ecaaa5ad80, 0x000001ecaaa5d9f0, 0x000001ecaaa75c70, 0x000001ecaaa77780,
0x000001ecaaa78120, 0x000001ecaaa78c00, 0x000001ecaaa795a0, 0x000001ecaaa7c560,
0x000001ecaed78870, 0x000001ecaaa446c0, 0x000001ecaf127600, 0x000001ecaf127e00,
0x000001ecaf25fb60, 0x000001ecaf3993a0, 0x000001ecaf6b59c0, 0x000001ecaf6e8280,
0x000001ecb0310ca0, 0x000001ecb03b3030, 0x000001ecb03b34f0, 0x000001ecb06da030,
0x000001ecb04f09c0, 0x000001ecb04ee340, 0x000001ecb04ede70, 0x000001ecb04ef680,
0x000001ecb04ee810, 0x000001ecb04efb50, 0x000001ecb04eece0, 0x000001ecb04ed000,
0x000001ecb04f0020, 0x000001ecb04ef1b0, 0x000001ecb04f04f0, 0x000001ecb04ed9a0,
0x000001ecb0bd8010, 0x000001ecb0bd7670, 0x000001ecb0bd2970, 0x000001ecb0bd89b0
}

Java Threads: ( => current thread )
  0x000001ecaaa5ad80 JavaThread "Reference Handler" daemon [_thread_blocked, id=28520, stack(0x000000c715c00000,0x000000c715d00000)]
  0x000001ecaaa5d9f0 JavaThread "Finalizer" daemon [_thread_blocked, id=25212, stack(0x000000c715d00000,0x000000c715e00000)]
  0x000001ecaaa75c70 JavaThread "Signal Dispatcher" daemon [_thread_blocked, id=27376, stack(0x000000c715e00000,0x000000c715f00000)]
  0x000001ecaaa77780 JavaThread "Attach Listener" daemon [_thread_blocked, id=28228, stack(0x000000c715f00000,0x000000c716000000)]
  0x000001ecaaa78120 JavaThread "Service Thread" daemon [_thread_blocked, id=1608, stack(0x000000c716000000,0x000000c716100000)]
  0x000001ecaaa78c00 JavaThread "Monitor Deflation Thread" daemon [_thread_blocked, id=28004, stack(0x000000c716100000,0x000000c716200000)]
  0x000001ecaaa795a0 JavaThread "C1 CompilerThread0" daemon [_thread_blocked, id=26404, stack(0x000000c716200000,0x000000c716300000)]
  0x000001ecaaa7c560 JavaThread "Sweeper thread" daemon [_thread_blocked, id=19700, stack(0x000000c716300000,0x000000c716400000)]
  0x000001ecaed78870 JavaThread "Common-Cleaner" daemon [_thread_blocked, id=28404, stack(0x000000c716400000,0x000000c716500000)]
  0x000001ecaaa446c0 JavaThread "C1 CompilerThread1" daemon [_thread_blocked, id=28220, stack(0x000000c716500000,0x000000c716600000)]
  0x000001ecaf127600 JavaThread "Monitor Ctrl-Break" daemon [_thread_in_native, id=27432, stack(0x000000c716600000,0x000000c716700000)]
  0x000001ecaf127e00 JavaThread "Notification Thread" daemon [_thread_blocked, id=27552, stack(0x000000c716700000,0x000000c716800000)]
  0x000001ecaf25fb60 JavaThread "RMI TCP Accept-0" daemon [_thread_in_native, id=26956, stack(0x000000c716800000,0x000000c716900000)]
  0x000001ecaf3993a0 JavaThread "C1 CompilerThread2" daemon [_thread_blocked, id=24280, stack(0x000000c716a00000,0x000000c716b00000)]
  0x000001ecaf6b59c0 JavaThread "RMI TCP Connection(4)-192.168.1.11" daemon [_thread_in_native, id=3428, stack(0x000000c716b00000,0x000000c716c00000)]
  0x000001ecaf6e8280 JavaThread "RMI Scheduler(0)" daemon [_thread_blocked, id=21312, stack(0x000000c717300000,0x000000c717400000)]
  0x000001ecb0310ca0 JavaThread "Catalina-utility-1" [_thread_blocked, id=18984, stack(0x000000c717500000,0x000000c717600000)]
  0x000001ecb03b3030 JavaThread "Catalina-utility-2" [_thread_blocked, id=27744, stack(0x000000c717600000,0x000000c717700000)]
  0x000001ecb03b34f0 JavaThread "container-0" [_thread_blocked, id=24808, stack(0x000000c717700000,0x000000c717800000)]
  0x000001ecb06da030 JavaThread "HikariPool-1 housekeeper" daemon [_thread_blocked, id=18316, stack(0x000000c717900000,0x000000c717a00000)]
  0x000001ecb04f09c0 JavaThread "HikariPool-1 connection adder" daemon [_thread_blocked, id=26416, stack(0x000000c717a00000,0x000000c717b00000)]
  0x000001ecb04ee340 JavaThread "http-nio-8080-exec-1" daemon [_thread_blocked, id=27208, stack(0x000000c717b00000,0x000000c717c00000)]
  0x000001ecb04ede70 JavaThread "http-nio-8080-exec-2" daemon [_thread_blocked, id=22236, stack(0x000000c717c00000,0x000000c717d00000)]
  0x000001ecb04ef680 JavaThread "http-nio-8080-exec-3" daemon [_thread_blocked, id=27524, stack(0x000000c717d00000,0x000000c717e00000)]
  0x000001ecb04ee810 JavaThread "http-nio-8080-exec-4" daemon [_thread_blocked, id=26044, stack(0x000000c717e00000,0x000000c717f00000)]
  0x000001ecb04efb50 JavaThread "http-nio-8080-exec-5" daemon [_thread_blocked, id=25116, stack(0x000000c717f00000,0x000000c718000000)]
  0x000001ecb04eece0 JavaThread "http-nio-8080-exec-6" daemon [_thread_blocked, id=20356, stack(0x000000c718000000,0x000000c718100000)]
  0x000001ecb04ed000 JavaThread "http-nio-8080-exec-7" daemon [_thread_blocked, id=4024, stack(0x000000c718100000,0x000000c718200000)]
  0x000001ecb04f0020 JavaThread "http-nio-8080-exec-8" daemon [_thread_blocked, id=19664, stack(0x000000c718200000,0x000000c718300000)]
  0x000001ecb04ef1b0 JavaThread "http-nio-8080-exec-9" daemon [_thread_blocked, id=24684, stack(0x000000c718300000,0x000000c718400000)]
  0x000001ecb04f04f0 JavaThread "http-nio-8080-exec-10" daemon [_thread_blocked, id=22136, stack(0x000000c718400000,0x000000c718500000)]
  0x000001ecb04ed9a0 JavaThread "http-nio-8080-Poller" daemon [_thread_in_native, id=16736, stack(0x000000c718500000,0x000000c718600000)]
  0x000001ecb0bd8010 JavaThread "http-nio-8080-Acceptor" daemon [_thread_in_native, id=32, stack(0x000000c718600000,0x000000c718700000)]
  0x000001ecb0bd7670 JavaThread "DestroyJavaVM" [_thread_blocked, id=20308, stack(0x000000c715500000,0x000000c715600000)]
  0x000001ecb0bd2970 JavaThread "RMI TCP Connection(idle)" daemon [_thread_blocked, id=18192, stack(0x000000c718700000,0x000000c718800000)]
  0x000001ecb0bd89b0 JavaThread "RMI TCP Connection(idle)" daemon [_thread_blocked, id=21044, stack(0x000000c718900000,0x000000c718a00000)]

Other Threads:
=>0x000001ecaaa54d80 VMThread "VM Thread" [stack: 0x000000c715b00000,0x000000c715c00000] [id=28576]
  0x000001ecaf260ec0 WatcherThread "VM Periodic Task Thread" [stack: 0x000000c716900000,0x000000c716a00000] [id=5380]
  0x000001ec96ed1e60 WorkerThread "GC Thread#0" [stack: 0x000000c715600000,0x000000c715700000] [id=28080]
  0x000001ecaf6b5460 WorkerThread "GC Thread#1" [stack: 0x000000c716c00000,0x000000c716d00000] [id=25652]
  0x000001ecaf6b1470 WorkerThread "GC Thread#2" [stack: 0x000000c716d00000,0x000000c716e00000] [id=28624]
  0x000001ecaf6aa500 WorkerThread "GC Thread#3" [stack: 0x000000c716e00000,0x000000c716f00000] [id=28392]
  0x000001ecaf6aa7a0 WorkerThread "GC Thread#4" [stack: 0x000000c716f00000,0x000000c717000000] [id=27352]
  0x000001ecaf6d3180 WorkerThread "GC Thread#5" [stack: 0x000000c717000000,0x000000c717100000] [id=28188]
  0x000001ec96ee2d10 ConcurrentGCThread "G1 Main Marker" [stack: 0x000000c715700000,0x000000c715800000] [id=26288]
  0x000001ec96ee3ea0 WorkerThread "G1 Conc#0" [stack: 0x000000c715800000,0x000000c715900000] [id=28084]
  0x000001ecaf8c3520 WorkerThread "G1 Conc#1" [stack: 0x000000c717400000,0x000000c717500000] [id=28156]
  0x000001ec96f1e370 ConcurrentGCThread "G1 Refine#0" [stack: 0x000000c715900000,0x000000c715a00000] [id=28440]
  0x000001ecaf6b2c00 ConcurrentGCThread "G1 Refine#1" [stack: 0x000000c717100000,0x000000c717200000] [id=28484]
  0x000001ecaf6b23a0 ConcurrentGCThread "G1 Refine#2" [stack: 0x000000c717200000,0x000000c717300000] [id=28488]
  0x000001ec96f1ec80 ConcurrentGCThread "G1 Service" [stack: 0x000000c715a00000,0x000000c715b00000] [id=21480]

Threads with active compile tasks:

VM state: at safepoint (normal execution)

VM Mutex/Monitor currently owned by a thread:  ([mutex/lock_event])
[0x000001ec96e6da70] Threads_lock - owner thread: 0x000001ecaaa54d80
[0x000001ec96e6db00] Heap_lock - owner thread: 0x000001ecb04ee340

Heap address: 0x0000000080400000, size: 2044 MB, Compressed Oops mode: 32-bit

CDS archive(s) mapped at: [0x0000000800000000-0x0000000800b90000-0x0000000800b90000), size 12124160, SharedBaseAddress: 0x0000000800000000, ArchiveRelocationMode: 0.
Compressed class space mapped at: 0x0000000800c00000-0x0000000840c00000, reserved size: 1073741824
Narrow klass base: 0x0000000800000000, Narrow klass shift: 0, Narrow klass range: 0x100000000

GC Precious Log:
 CardTable entry size: 512
 Card Set container configuration: InlinePtr #cards 5 size 8 Array Of Cards #cards 12 size 40 Howl #buckets 4 coarsen threshold 1843 Howl Bitmap #cards 512 size 80 coarsen threshold 460 Card regions per heap region 1 cards per card region 2048
 CPUs: 6 total, 6 available
 Memory: 8175M
 Large Page Support: Disabled
 NUMA Support: Disabled
 Compressed Oops: Enabled (32-bit)
 Heap Region Size: 1M
 Heap Min Capacity: 8M
 Heap Initial Capacity: 128M
 Heap Max Capacity: 2044M
 Pre-touch: Disabled
 Parallel Workers: 6
 Concurrent Workers: 2
 Concurrent Refinement Workers: 6
 Periodic GC: Disabled

Heap:
 garbage-first heap   total 110592K, used 26019K [0x0000000080400000, 0x0000000100000000)
  region size 1024K, 4 young (4096K), 4 survivors (4096K)
 Metaspace       used 48893K, committed 49344K, reserved 1114112K
  class space    used 6762K, committed 6976K, reserved 1048576K

Heap Regions: E=young(eden), S=young(survivor), O=old, HS=humongous(starts), HC=humongous(continues), CS=collection set, F=free, OA=open archive, CA=closed archive, TAMS=top-at-mark-start (previous, next)
|   0|0x0000000080400000, 0x0000000080500000, 0x0000000080500000|100%|HS|  |TAMS 0x0000000080500000, 0x0000000080400000| Complete 
|   1|0x0000000080500000, 0x0000000080600000, 0x0000000080600000|100%| O|  |TAMS 0x0000000080600000, 0x0000000080500000| Untracked 
|   2|0x0000000080600000, 0x0000000080700000, 0x0000000080700000|100%| O|  |TAMS 0x0000000080700000, 0x0000000080600000| Untracked 
|   3|0x0000000080700000, 0x0000000080800000, 0x0000000080800000|100%| O|  |TAMS 0x0000000080800000, 0x0000000080700000| Untracked 
|   4|0x0000000080800000, 0x0000000080900000, 0x0000000080900000|100%| O|  |TAMS 0x0000000080900000, 0x0000000080800000| Untracked 
|   5|0x0000000080900000, 0x0000000080a00000, 0x0000000080a00000|100%| O|  |TAMS 0x0000000080a00000, 0x0000000080900000| Untracked 
|   6|0x0000000080a00000, 0x0000000080b00000, 0x0000000080b00000|100%| O|  |TAMS 0x0000000080b00000, 0x0000000080a00000| Untracked 
|   7|0x0000000080b00000, 0x0000000080c00000, 0x0000000080c00000|100%| O|  |TAMS 0x0000000080b00000, 0x0000000080b00000| Untracked 
|   8|0x0000000080c00000, 0x0000000080d00000, 0x0000000080d00000|100%| O|  |TAMS 0x0000000080d00000, 0x0000000080c00000| Untracked 
|   9|0x0000000080d00000, 0x0000000080e00000, 0x0000000080e00000|100%| O|  |TAMS 0x0000000080e00000, 0x0000000080d00000| Untracked 
|  10|0x0000000080e00000, 0x0000000080f00000, 0x0000000080f00000|100%| O|  |TAMS 0x0000000080f00000, 0x0000000080e00000| Untracked 
|  11|0x0000000080f00000, 0x0000000081000000, 0x0000000081000000|100%| O|  |TAMS 0x0000000081000000, 0x0000000080f00000| Untracked 
|  12|0x0000000081000000, 0x0000000081100000, 0x0000000081100000|100%| O|  |TAMS 0x0000000081100000, 0x0000000081000000| Untracked 
|  13|0x0000000081100000, 0x00000000811ffff8, 0x0000000081200000| 99%| O|  |TAMS 0x00000000811ffff8, 0x0000000081100000| Untracked 
|  14|0x0000000081200000, 0x0000000081300000, 0x0000000081300000|100%| O|  |TAMS 0x0000000081300000, 0x0000000081200000| Untracked 
|  15|0x0000000081300000, 0x0000000081400000, 0x0000000081400000|100%| O|  |TAMS 0x0000000081400000, 0x0000000081300000| Untracked 
|  16|0x0000000081400000, 0x0000000081500000, 0x0000000081500000|100%| O|  |TAMS 0x00000000814f5600, 0x0000000081400000| Untracked 
|  17|0x0000000081500000, 0x0000000081600000, 0x0000000081600000|100%| O|  |TAMS 0x0000000081500000, 0x0000000081500000| Untracked 
|  18|0x0000000081600000, 0x0000000081700000, 0x0000000081700000|100%| O|  |TAMS 0x0000000081600000, 0x0000000081600000| Untracked 
|  19|0x0000000081700000, 0x0000000081800000, 0x0000000081800000|100%| O|  |TAMS 0x0000000081700000, 0x0000000081700000| Untracked 
|  20|0x0000000081800000, 0x0000000081900000, 0x0000000081900000|100%| O|  |TAMS 0x0000000081800000, 0x0000000081800000| Untracked 
|  21|0x0000000081900000, 0x00000000819eb800, 0x0000000081a00000| 91%| O|  |TAMS 0x0000000081900000, 0x0000000081900000| Untracked 
|  22|0x0000000081a00000, 0x0000000081a00000, 0x0000000081b00000|  0%| F|  |TAMS 0x0000000081a00000, 0x0000000081a00000| Untracked 
|  23|0x0000000081b00000, 0x0000000081b00000, 0x0000000081c00000|  0%| F|  |TAMS 0x0000000081b00000, 0x0000000081b00000| Untracked 
|  24|0x0000000081c00000, 0x0000000081c00000, 0x0000000081d00000|  0%| F|  |TAMS 0x0000000081c00000, 0x0000000081c00000| Untracked 
|  25|0x0000000081d00000, 0x0000000081d00000, 0x0000000081e00000|  0%| F|  |TAMS 0x0000000081d00000, 0x0000000081d00000| Untracked 
|  26|0x0000000081e00000, 0x0000000081e00000, 0x0000000081f00000|  0%| F|  |TAMS 0x0000000081e00000, 0x0000000081e00000| Untracked 
|  27|0x0000000081f00000, 0x0000000081f7d740, 0x0000000082000000| 49%| S|CS|TAMS 0x0000000081f00000, 0x0000000081f00000| Complete 
|  28|0x0000000082000000, 0x0000000082100000, 0x0000000082100000|100%| S|CS|TAMS 0x0000000082000000, 0x0000000082000000| Complete 
|  29|0x0000000082100000, 0x0000000082200000, 0x0000000082200000|100%| S|CS|TAMS 0x0000000082100000, 0x0000000082100000| Complete 
|  30|0x0000000082200000, 0x0000000082200000, 0x0000000082300000|  0%| F|  |TAMS 0x0000000082200000, 0x0000000082200000| Untracked 
|  31|0x0000000082300000, 0x0000000082300000, 0x0000000082400000|  0%| F|  |TAMS 0x0000000082300000, 0x0000000082300000| Untracked 
|  32|0x0000000082400000, 0x0000000082400000, 0x0000000082500000|  0%| F|  |TAMS 0x0000000082400000, 0x0000000082400000| Untracked 
|  33|0x0000000082500000, 0x0000000082500000, 0x0000000082600000|  0%| F|  |TAMS 0x0000000082500000, 0x0000000082500000| Untracked 
|  34|0x0000000082600000, 0x0000000082700000, 0x0000000082700000|100%| S|CS|TAMS 0x0000000082600000, 0x0000000082600000| Complete 
|  35|0x0000000082700000, 0x0000000082700000, 0x0000000082800000|  0%| F|  |TAMS 0x0000000082700000, 0x0000000082700000| Untracked 
|  36|0x0000000082800000, 0x0000000082800000, 0x0000000082900000|  0%| F|  |TAMS 0x0000000082800000, 0x0000000082800000| Untracked 
|  37|0x0000000082900000, 0x0000000082900000, 0x0000000082a00000|  0%| F|  |TAMS 0x0000000082900000, 0x0000000082900000| Untracked 
|  38|0x0000000082a00000, 0x0000000082a00000, 0x0000000082b00000|  0%| F|  |TAMS 0x0000000082a00000, 0x0000000082a00000| Untracked 
|  39|0x0000000082b00000, 0x0000000082b00000, 0x0000000082c00000|  0%| F|  |TAMS 0x0000000082b00000, 0x0000000082b00000| Untracked 
|  40|0x0000000082c00000, 0x0000000082c00000, 0x0000000082d00000|  0%| F|  |TAMS 0x0000000082c00000, 0x0000000082c00000| Untracked 
|  41|0x0000000082d00000, 0x0000000082d00000, 0x0000000082e00000|  0%| F|  |TAMS 0x0000000082d00000, 0x0000000082d00000| Untracked 
|  42|0x0000000082e00000, 0x0000000082e00000, 0x0000000082f00000|  0%| F|  |TAMS 0x0000000082e00000, 0x0000000082e00000| Untracked 
|  43|0x0000000082f00000, 0x0000000082f00000, 0x0000000083000000|  0%| F|  |TAMS 0x0000000082f00000, 0x0000000082f00000| Untracked 
|  44|0x0000000083000000, 0x0000000083000000, 0x0000000083100000|  0%| F|  |TAMS 0x0000000083000000, 0x0000000083000000| Untracked 
|  45|0x0000000083100000, 0x0000000083100000, 0x0000000083200000|  0%| F|  |TAMS 0x0000000083100000, 0x0000000083100000| Untracked 
|  46|0x0000000083200000, 0x0000000083200000, 0x0000000083300000|  0%| F|  |TAMS 0x0000000083200000, 0x0000000083200000| Untracked 
|  47|0x0000000083300000, 0x0000000083300000, 0x0000000083400000|  0%| F|  |TAMS 0x0000000083300000, 0x0000000083300000| Untracked 
|  48|0x0000000083400000, 0x0000000083400000, 0x0000000083500000|  0%| F|  |TAMS 0x0000000083400000, 0x0000000083400000| Untracked 
|  49|0x0000000083500000, 0x0000000083500000, 0x0000000083600000|  0%| F|  |TAMS 0x0000000083500000, 0x0000000083500000| Untracked 
|  50|0x0000000083600000, 0x0000000083600000, 0x0000000083700000|  0%| F|  |TAMS 0x0000000083600000, 0x0000000083600000| Untracked 
|  51|0x0000000083700000, 0x0000000083700000, 0x0000000083800000|  0%| F|  |TAMS 0x0000000083700000, 0x0000000083700000| Untracked 
|  52|0x0000000083800000, 0x0000000083800000, 0x0000000083900000|  0%| F|  |TAMS 0x0000000083800000, 0x0000000083800000| Untracked 
|  53|0x0000000083900000, 0x0000000083900000, 0x0000000083a00000|  0%| F|  |TAMS 0x0000000083900000, 0x0000000083900000| Untracked 
|  54|0x0000000083a00000, 0x0000000083a00000, 0x0000000083b00000|  0%| F|  |TAMS 0x0000000083a00000, 0x0000000083a00000| Untracked 
|  55|0x0000000083b00000, 0x0000000083b00000, 0x0000000083c00000|  0%| F|  |TAMS 0x0000000083b00000, 0x0000000083b00000| Untracked 
|  56|0x0000000083c00000, 0x0000000083c00000, 0x0000000083d00000|  0%| F|  |TAMS 0x0000000083c00000, 0x0000000083c00000| Untracked 
|  57|0x0000000083d00000, 0x0000000083d00000, 0x0000000083e00000|  0%| F|  |TAMS 0x0000000083d00000, 0x0000000083d00000| Untracked 
|  58|0x0000000083e00000, 0x0000000083e00000, 0x0000000083f00000|  0%| F|  |TAMS 0x0000000083e00000, 0x0000000083e00000| Untracked 
|  59|0x0000000083f00000, 0x0000000083f00000, 0x0000000084000000|  0%| F|  |TAMS 0x0000000083f00000, 0x0000000083f00000| Untracked 
|  60|0x0000000084000000, 0x0000000084000000, 0x0000000084100000|  0%| F|  |TAMS 0x0000000084000000, 0x0000000084000000| Untracked 
|  61|0x0000000084100000, 0x0000000084100000, 0x0000000084200000|  0%| F|  |TAMS 0x0000000084100000, 0x0000000084100000| Untracked 
|  62|0x0000000084200000, 0x0000000084200000, 0x0000000084300000|  0%| F|  |TAMS 0x0000000084200000, 0x0000000084200000| Untracked 
|  63|0x0000000084300000, 0x0000000084300000, 0x0000000084400000|  0%| F|  |TAMS 0x0000000084300000, 0x0000000084300000| Untracked 
|  64|0x0000000084400000, 0x0000000084400000, 0x0000000084500000|  0%| F|  |TAMS 0x0000000084400000, 0x0000000084400000| Untracked 
|  65|0x0000000084500000, 0x0000000084500000, 0x0000000084600000|  0%| F|  |TAMS 0x0000000084500000, 0x0000000084500000| Untracked 
|  66|0x0000000084600000, 0x0000000084600000, 0x0000000084700000|  0%| F|  |TAMS 0x0000000084600000, 0x0000000084600000| Untracked 
|  67|0x0000000084700000, 0x0000000084700000, 0x0000000084800000|  0%| F|  |TAMS 0x0000000084700000, 0x0000000084700000| Untracked 
|  68|0x0000000084800000, 0x0000000084800000, 0x0000000084900000|  0%| F|  |TAMS 0x0000000084800000, 0x0000000084800000| Untracked 
|  69|0x0000000084900000, 0x0000000084900000, 0x0000000084a00000|  0%| F|  |TAMS 0x0000000084900000, 0x0000000084900000| Untracked 
|  70|0x0000000084a00000, 0x0000000084a00000, 0x0000000084b00000|  0%| F|  |TAMS 0x0000000084a00000, 0x0000000084a00000| Untracked 
|  71|0x0000000084b00000, 0x0000000084b00000, 0x0000000084c00000|  0%| F|  |TAMS 0x0000000084b00000, 0x0000000084b00000| Untracked 
|  72|0x0000000084c00000, 0x0000000084c00000, 0x0000000084d00000|  0%| F|  |TAMS 0x0000000084c00000, 0x0000000084c00000| Untracked 
|  73|0x0000000084d00000, 0x0000000084d00000, 0x0000000084e00000|  0%| F|  |TAMS 0x0000000084d00000, 0x0000000084d00000| Untracked 
|  74|0x0000000084e00000, 0x0000000084e00000, 0x0000000084f00000|  0%| F|  |TAMS 0x0000000084e00000, 0x0000000084e00000| Untracked 
|  75|0x0000000084f00000, 0x0000000084f00000, 0x0000000085000000|  0%| F|  |TAMS 0x0000000084f00000, 0x0000000084f00000| Untracked 
|  76|0x0000000085000000, 0x0000000085000000, 0x0000000085100000|  0%| F|  |TAMS 0x0000000085000000, 0x0000000085000000| Untracked 
|  77|0x0000000085100000, 0x0000000085100000, 0x0000000085200000|  0%| F|  |TAMS 0x0000000085100000, 0x0000000085100000| Untracked 
|  78|0x0000000085200000, 0x0000000085200000, 0x0000000085300000|  0%| F|  |TAMS 0x0000000085200000, 0x0000000085200000| Untracked 
|  79|0x0000000085300000, 0x0000000085300000, 0x0000000085400000|  0%| F|  |TAMS 0x0000000085300000, 0x0000000085300000| Untracked 
|  80|0x0000000085400000, 0x0000000085400000, 0x0000000085500000|  0%| F|  |TAMS 0x0000000085400000, 0x0000000085400000| Untracked 
|  81|0x0000000085500000, 0x0000000085500000, 0x0000000085600000|  0%| F|  |TAMS 0x0000000085500000, 0x0000000085500000| Untracked 
|  82|0x0000000085600000, 0x0000000085600000, 0x0000000085700000|  0%| F|  |TAMS 0x0000000085600000, 0x0000000085600000| Untracked 
|  83|0x0000000085700000, 0x0000000085700000, 0x0000000085800000|  0%| F|  |TAMS 0x0000000085700000, 0x0000000085700000| Untracked 
|  84|0x0000000085800000, 0x0000000085800000, 0x0000000085900000|  0%| F|  |TAMS 0x0000000085800000, 0x0000000085800000| Untracked 
|  85|0x0000000085900000, 0x0000000085900000, 0x0000000085a00000|  0%| F|  |TAMS 0x0000000085900000, 0x0000000085900000| Untracked 
|  86|0x0000000085a00000, 0x0000000085a00000, 0x0000000085b00000|  0%| F|  |TAMS 0x0000000085a00000, 0x0000000085a00000| Untracked 
|  87|0x0000000085b00000, 0x0000000085b00000, 0x0000000085c00000|  0%| F|  |TAMS 0x0000000085b00000, 0x0000000085b00000| Untracked 
|  88|0x0000000085c00000, 0x0000000085c00000, 0x0000000085d00000|  0%| F|  |TAMS 0x0000000085c00000, 0x0000000085c00000| Untracked 
|  89|0x0000000085d00000, 0x0000000085d00000, 0x0000000085e00000|  0%| F|  |TAMS 0x0000000085d00000, 0x0000000085d00000| Untracked 
|  90|0x0000000085e00000, 0x0000000085e00000, 0x0000000085f00000|  0%| F|  |TAMS 0x0000000085e00000, 0x0000000085e00000| Untracked 
|  91|0x0000000085f00000, 0x0000000085f00000, 0x0000000086000000|  0%| F|  |TAMS 0x0000000085f00000, 0x0000000085f00000| Untracked 
|  92|0x0000000086000000, 0x0000000086000000, 0x0000000086100000|  0%| F|  |TAMS 0x0000000086000000, 0x0000000086000000| Untracked 
|  93|0x0000000086100000, 0x0000000086100000, 0x0000000086200000|  0%| F|  |TAMS 0x0000000086100000, 0x0000000086100000| Untracked 
|  94|0x0000000086200000, 0x0000000086200000, 0x0000000086300000|  0%| F|  |TAMS 0x0000000086200000, 0x0000000086200000| Untracked 
|  95|0x0000000086300000, 0x0000000086300000, 0x0000000086400000|  0%| F|  |TAMS 0x0000000086300000, 0x0000000086300000| Untracked 
|  96|0x0000000086400000, 0x0000000086400000, 0x0000000086500000|  0%| F|  |TAMS 0x0000000086400000, 0x0000000086400000| Untracked 
|  97|0x0000000086500000, 0x0000000086500000, 0x0000000086600000|  0%| F|  |TAMS 0x0000000086500000, 0x0000000086500000| Untracked 
|  98|0x0000000086600000, 0x0000000086600000, 0x0000000086700000|  0%| F|  |TAMS 0x0000000086600000, 0x0000000086600000| Untracked 
|  99|0x0000000086700000, 0x0000000086700000, 0x0000000086800000|  0%| F|  |TAMS 0x0000000086700000, 0x0000000086700000| Untracked 
| 100|0x0000000086800000, 0x0000000086800000, 0x0000000086900000|  0%| F|  |TAMS 0x0000000086800000, 0x0000000086800000| Untracked 
| 101|0x0000000086900000, 0x0000000086900000, 0x0000000086a00000|  0%| F|  |TAMS 0x0000000086900000, 0x0000000086900000| Untracked 
| 102|0x0000000086a00000, 0x0000000086a00000, 0x0000000086b00000|  0%| F|  |TAMS 0x0000000086a00000, 0x0000000086a00000| Untracked 
| 103|0x0000000086b00000, 0x0000000086b00000, 0x0000000086c00000|  0%| F|  |TAMS 0x0000000086b00000, 0x0000000086b00000| Untracked 
| 104|0x0000000086c00000, 0x0000000086c00000, 0x0000000086d00000|  0%| F|  |TAMS 0x0000000086c00000, 0x0000000086c00000| Untracked 
| 105|0x0000000086d00000, 0x0000000086d00000, 0x0000000086e00000|  0%| F|  |TAMS 0x0000000086d00000, 0x0000000086d00000| Untracked 
| 106|0x0000000086e00000, 0x0000000086e00000, 0x0000000086f00000|  0%| F|  |TAMS 0x0000000086e00000, 0x0000000086e00000| Untracked 
| 127|0x0000000088300000, 0x0000000088300000, 0x0000000088400000|  0%| F|  |TAMS 0x0000000088300000, 0x0000000088300000| Untracked 

Card table byte_map: [0x000001eca3a30000,0x000001eca3e30000] _byte_map_base: 0x000001eca362e000

Marking Bits (Prev, Next): (CMBitMap*) 0x000001ec96ed2460, (CMBitMap*) 0x000001ec96ed24a0
 Prev Bits: [0x000001eca4230000, 0x000001eca6220000)
 Next Bits: [0x000001eca6220000, 0x000001eca8210000)

Polling page: 0x000001ec96ce0000

Metaspace:

Usage:
  Non-class:     41.14 MB used.
      Class:      6.60 MB used.
       Both:     47.75 MB used.

Virtual space:
  Non-class space:       64.00 MB reserved,      41.38 MB ( 65%) committed,  1 nodes.
      Class space:        1.00 GB reserved,       6.81 MB ( <1%) committed,  1 nodes.
             Both:        1.06 GB reserved,      48.19 MB (  4%) committed. 

Chunk freelists:
   Non-Class:  1.83 MB
       Class:  1.02 MB
        Both:  2.84 MB

MaxMetaspaceSize: unlimited
CompressedClassSpaceSize: 1.00 GB
Initial GC threshold: 21.00 MB
Current GC threshold: 59.19 MB
CDS: on
MetaspaceReclaimPolicy: balanced
 - commit_granule_bytes: 65536.
 - commit_granule_words: 8192.
 - virtual_space_node_default_size: 8388608.
 - enlarge_chunks_in_place: 1.
 - new_chunks_are_fully_committed: 0.
 - uncommit_free_chunks: 1.
 - use_allocation_guard: 0.


Internal statistics:

num_allocs_failed_limit: 6.
num_arena_births: 656.
num_arena_deaths: 0.
num_vsnodes_births: 2.
num_vsnodes_deaths: 0.
num_space_committed: 771.
num_space_uncommitted: 0.
num_chunks_returned_to_freelist: 6.
num_chunks_taken_from_freelist: 2354.
num_chunk_merges: 6.
num_chunk_splits: 1698.
num_chunks_enlarged: 1375.
num_inconsistent_stats: 0.

CodeCache: size=49152Kb used=9637Kb max_used=9637Kb free=39514Kb
 bounds [0x000001ec9ffc0000, 0x000001eca0930000, 0x000001eca2fc0000]
 total_blobs=5193 nmethods=4596 adapters=522
 compilation: enabled
              stopped_count=0, restarted_count=0
 full_count=0

Compilation events (20 events):
Event: 12.301 Thread 0x000001ecaaa795a0 4591       1       java.util.TimSort::mergeHi (732 bytes)
Event: 12.301 Thread 0x000001ecaaa446c0 nmethod 4587 0x000001eca0923210 code [0x000001eca09233c0, 0x000001eca0923548]
Event: 12.301 Thread 0x000001ecaaa446c0 4588       1       java.util.TimSort::gallopLeft (335 bytes)
Event: 12.302 Thread 0x000001ecaf3993a0 nmethod 4585 0x000001eca0923690 code [0x000001eca0923860, 0x000001eca0923e38]
Event: 12.302 Thread 0x000001ecaf3993a0 4589       1       java.util.TimSort::mergeAt (358 bytes)
Event: 12.302 Thread 0x000001ecaaa446c0 nmethod 4588 0x000001eca0924010 code [0x000001eca09241e0, 0x000001eca09245d8]
Event: 12.302 Thread 0x000001ecaaa446c0 4590       1       java.util.TimSort::ensureCapacity (77 bytes)
Event: 12.302 Thread 0x000001ecaf3993a0 nmethod 4589 0x000001eca0924910 code [0x000001eca0924b00, 0x000001eca0924ef8]
Event: 12.302 Thread 0x000001ecaaa446c0 nmethod 4590 0x000001eca0925190 code [0x000001eca0925340, 0x000001eca09255a8]
Event: 12.303 Thread 0x000001ecaaa795a0 nmethod 4591 0x000001eca0925710 code [0x000001eca09259e0, 0x000001eca0927298]
Event: 12.317 Thread 0x000001ecaaa795a0 4592       1       org.attoparser.ParsingLocatorUtil::countChar (26 bytes)
Event: 12.317 Thread 0x000001ecaf3993a0 4593       1       org.thymeleaf.engine.ElementDefinitions$ElementDefinitionRepository::binarySearch (83 bytes)
Event: 12.317 Thread 0x000001ecaaa795a0 nmethod 4592 0x000001eca0927f90 code [0x000001eca0928120, 0x000001eca0928258]
Event: 12.317 Thread 0x000001ecaf3993a0 nmethod 4593 0x000001eca0928390 code [0x000001eca0928560, 0x000001eca0928768]
Event: 12.330 Thread 0x000001ecaf3993a0 4594       1       java.util.regex.Pattern::nextEscaped (19 bytes)
Event: 12.331 Thread 0x000001ecaf3993a0 nmethod 4594 0x000001eca0928c10 code [0x000001eca0928da0, 0x000001eca0928e98]
Event: 12.349 Thread 0x000001ecaf3993a0 4595       1       java.lang.Character::isDigit (9 bytes)
Event: 12.349 Thread 0x000001ecaaa795a0 4596       1       java.lang.CharacterDataLatin1::isDigit (18 bytes)
Event: 12.349 Thread 0x000001ecaaa795a0 nmethod 4596 0x000001eca0928f90 code [0x000001eca0929120, 0x000001eca0929218]
Event: 12.349 Thread 0x000001ecaf3993a0 nmethod 4595 0x000001eca0929290 code [0x000001eca0929440, 0x000001eca0929538]

GC Heap History (20 events):
Event: 1.347 GC heap after
{Heap after GC invocations=1 (full 0):
 garbage-first heap   total 131072K, used 7856K [0x0000000080400000, 0x0000000100000000)
  region size 1024K, 3 young (3072K), 3 survivors (3072K)
 Metaspace       used 7554K, committed 7808K, reserved 1114112K
  class space    used 905K, committed 1024K, reserved 1048576K
}
Event: 1.740 GC heap before
{Heap before GC invocations=1 (full 0):
 garbage-first heap   total 131072K, used 20144K [0x0000000080400000, 0x0000000100000000)
  region size 1024K, 16 young (16384K), 3 survivors (3072K)
 Metaspace       used 10758K, committed 11008K, reserved 1114112K
  class space    used 1400K, committed 1536K, reserved 1048576K
}
Event: 1.746 GC heap after
{Heap after GC invocations=2 (full 0):
 garbage-first heap   total 131072K, used 9613K [0x0000000080400000, 0x0000000100000000)
  region size 1024K, 2 young (2048K), 2 survivors (2048K)
 Metaspace       used 10758K, committed 11008K, reserved 1114112K
  class space    used 1400K, committed 1536K, reserved 1048576K
}
Event: 2.455 GC heap before
{Heap before GC invocations=2 (full 0):
 garbage-first heap   total 131072K, used 48525K [0x0000000080400000, 0x0000000100000000)
  region size 1024K, 41 young (41984K), 2 survivors (2048K)
 Metaspace       used 18701K, committed 19008K, reserved 1114112K
  class space    used 2467K, committed 2624K, reserved 1048576K
}
Event: 2.463 GC heap after
{Heap after GC invocations=3 (full 0):
 garbage-first heap   total 131072K, used 12156K [0x0000000080400000, 0x0000000100000000)
  region size 1024K, 4 young (4096K), 4 survivors (4096K)
 Metaspace       used 18701K, committed 19008K, reserved 1114112K
  class space    used 2467K, committed 2624K, reserved 1048576K
}
Event: 3.010 GC heap before
{Heap before GC invocations=3 (full 0):
 garbage-first heap   total 131072K, used 32636K [0x0000000080400000, 0x0000000100000000)
  region size 1024K, 25 young (25600K), 4 survivors (4096K)
 Metaspace       used 21248K, committed 21504K, reserved 1114112K
  class space    used 2858K, committed 3008K, reserved 1048576K
}
Event: 3.018 GC heap after
{Heap after GC invocations=4 (full 0):
 garbage-first heap   total 131072K, used 13430K [0x0000000080400000, 0x0000000100000000)
  region size 1024K, 6 young (6144K), 6 survivors (6144K)
 Metaspace       used 21248K, committed 21504K, reserved 1114112K
  class space    used 2858K, committed 3008K, reserved 1048576K
}
Event: 4.105 GC heap before
{Heap before GC invocations=5 (full 0):
 garbage-first heap   total 51200K, used 50294K [0x0000000080400000, 0x0000000100000000)
  region size 1024K, 42 young (43008K), 6 survivors (6144K)
 Metaspace       used 26708K, committed 27136K, reserved 1114112K
  class space    used 3630K, committed 3840K, reserved 1048576K
}
Event: 4.115 GC heap after
{Heap after GC invocations=6 (full 0):
 garbage-first heap   total 60416K, used 16741K [0x0000000080400000, 0x0000000100000000)
  region size 1024K, 9 young (9216K), 9 survivors (9216K)
 Metaspace       used 26708K, committed 27136K, reserved 1114112K
  class space    used 3630K, committed 3840K, reserved 1048576K
}
Event: 4.132 GC heap before
{Heap before GC invocations=6 (full 0):
 garbage-first heap   total 60416K, used 17765K [0x0000000080400000, 0x0000000100000000)
  region size 1024K, 10 young (10240K), 9 survivors (9216K)
 Metaspace       used 26790K, committed 27200K, reserved 1114112K
  class space    used 3643K, committed 3840K, reserved 1048576K
}
Event: 4.142 GC heap after
{Heap after GC invocations=7 (full 0):
 garbage-first heap   total 60416K, used 17610K [0x0000000080400000, 0x0000000100000000)
  region size 1024K, 2 young (2048K), 2 survivors (2048K)
 Metaspace       used 26790K, committed 27200K, reserved 1114112K
  class space    used 3643K, committed 3840K, reserved 1048576K
}
Event: 5.219 GC heap before
{Heap before GC invocations=7 (full 0):
 garbage-first heap   total 60416K, used 41162K [0x0000000080400000, 0x0000000100000000)
  region size 1024K, 26 young (26624K), 2 survivors (2048K)
 Metaspace       used 33727K, committed 34112K, reserved 1114112K
  class space    used 4630K, committed 4800K, reserved 1048576K
}
Event: 5.222 GC heap after
{Heap after GC invocations=8 (full 0):
 garbage-first heap   total 60416K, used 17827K [0x0000000080400000, 0x0000000100000000)
  region size 1024K, 2 young (2048K), 2 survivors (2048K)
 Metaspace       used 33727K, committed 34112K, reserved 1114112K
  class space    used 4630K, committed 4800K, reserved 1048576K
}
Event: 5.513 GC heap before
{Heap before GC invocations=8 (full 0):
 garbage-first heap   total 60416K, used 26019K [0x0000000080400000, 0x0000000100000000)
  region size 1024K, 11 young (11264K), 2 survivors (2048K)
 Metaspace       used 35766K, committed 36096K, reserved 1114112K
  class space    used 4898K, committed 5056K, reserved 1048576K
}
Event: 5.516 GC heap after
{Heap after GC invocations=9 (full 0):
 garbage-first heap   total 60416K, used 18276K [0x0000000080400000, 0x0000000100000000)
  region size 1024K, 2 young (2048K), 2 survivors (2048K)
 Metaspace       used 35766K, committed 36096K, reserved 1114112K
  class space    used 4898K, committed 5056K, reserved 1048576K
}
Event: 6.378 GC heap before
{Heap before GC invocations=10 (full 0):
 garbage-first heap   total 60416K, used 44900K [0x0000000080400000, 0x0000000100000000)
  region size 1024K, 29 young (29696K), 2 survivors (2048K)
 Metaspace       used 41278K, committed 41664K, reserved 1114112K
  class space    used 5731K, committed 5888K, reserved 1048576K
}
Event: 6.383 GC heap after
{Heap after GC invocations=11 (full 0):
 garbage-first heap   total 60416K, used 20153K [0x0000000080400000, 0x0000000100000000)
  region size 1024K, 4 young (4096K), 4 survivors (4096K)
 Metaspace       used 41278K, committed 41664K, reserved 1114112K
  class space    used 5731K, committed 5888K, reserved 1048576K
}
Event: 7.035 GC heap before
{Heap before GC invocations=11 (full 0):
 garbage-first heap   total 60416K, used 44729K [0x0000000080400000, 0x0000000100000000)
  region size 1024K, 29 young (29696K), 4 survivors (4096K)
 Metaspace       used 44774K, committed 45248K, reserved 1114112K
  class space    used 6222K, committed 6464K, reserved 1048576K
}
Event: 7.044 GC heap after
{Heap after GC invocations=12 (full 0):
 garbage-first heap   total 60416K, used 22490K [0x0000000080400000, 0x0000000100000000)
  region size 1024K, 4 young (4096K), 4 survivors (4096K)
 Metaspace       used 44774K, committed 45248K, reserved 1114112K
  class space    used 6222K, committed 6464K, reserved 1048576K
}
Event: 12.361 GC heap before
{Heap before GC invocations=12 (full 0):
 garbage-first heap   total 60416K, used 46042K [0x0000000080400000, 0x0000000100000000)
  region size 1024K, 28 young (28672K), 4 survivors (4096K)
 Metaspace       used 48893K, committed 49344K, reserved 1114112K
  class space    used 6762K, committed 6976K, reserved 1048576K
}

Deoptimization events (14 events):
Event: 1.132 Thread 0x000001ec96e71580 DEOPT PACKING pc=0x000001eca020ef75 sp=0x000000c7155fd640
Event: 1.132 Thread 0x000001ec96e71580 DEOPT UNPACKING pc=0x000001eca0012b43 sp=0x000000c7155fca98 mode 3
Event: 1.867 Thread 0x000001ec96e71580 DEOPT PACKING pc=0x000001eca04be619 sp=0x000000c7155fd050
Event: 1.867 Thread 0x000001ec96e71580 DEOPT UNPACKING pc=0x000001eca0012b43 sp=0x000000c7155fc530 mode 3
Event: 2.838 Thread 0x000001ec96e71580 DEOPT PACKING pc=0x000001eca054b924 sp=0x000000c7155fd510
Event: 2.838 Thread 0x000001ec96e71580 DEOPT UNPACKING pc=0x000001eca0012b43 sp=0x000000c7155fca68 mode 0
Event: 3.093 Thread 0x000001ec96e71580 DEOPT PACKING pc=0x000001eca06bfcf5 sp=0x000000c7155fdcd0
Event: 3.093 Thread 0x000001ec96e71580 DEOPT UNPACKING pc=0x000001eca0012b43 sp=0x000000c7155fd140 mode 3
Event: 4.005 Thread 0x000001ec96e71580 DEOPT PACKING pc=0x000001eca07492dd sp=0x000000c7155fc2b0
Event: 4.005 Thread 0x000001ec96e71580 DEOPT UNPACKING pc=0x000001eca0012b43 sp=0x000000c7155fb818 mode 3
Event: 4.736 Thread 0x000001ec96e71580 DEOPT PACKING pc=0x000001eca051de5d sp=0x000000c7155fcfe0
Event: 4.736 Thread 0x000001ec96e71580 DEOPT UNPACKING pc=0x000001eca0012b43 sp=0x000000c7155fc550 mode 3
Event: 6.970 Thread 0x000001ec96e71580 DEOPT PACKING pc=0x000001eca04a0daa sp=0x000000c7155fdb10
Event: 6.970 Thread 0x000001ec96e71580 DEOPT UNPACKING pc=0x000001eca0012b43 sp=0x000000c7155fd018 mode 3

Classes loaded (20 events):
Event: 11.777 Loading class java/util/concurrent/Semaphore$NonfairSync
Event: 11.777 Loading class java/util/concurrent/Semaphore$Sync
Event: 11.777 Loading class java/util/concurrent/Semaphore$Sync done
Event: 11.777 Loading class java/util/concurrent/Semaphore$NonfairSync done
Event: 11.777 Loading class sun/nio/ch/SocketAdaptor
Event: 11.778 Loading class sun/nio/ch/SocketAdaptor done
Event: 11.780 Loading class sun/nio/ch/SelectionKeyImpl
Event: 11.781 Loading class java/nio/channels/spi/AbstractSelectionKey
Event: 11.781 Loading class java/nio/channels/SelectionKey
Event: 11.781 Loading class java/nio/channels/SelectionKey done
Event: 11.781 Loading class java/nio/channels/spi/AbstractSelectionKey done
Event: 11.781 Loading class sun/nio/ch/SelectionKeyImpl done
Event: 11.781 Loading class java/lang/invoke/ConstantBootstraps
Event: 11.782 Loading class java/lang/invoke/ConstantBootstraps done
Event: 11.842 Loading class java/io/StringReader
Event: 11.842 Loading class java/io/StringReader done
Event: 11.933 Loading class java/lang/InheritableThreadLocal
Event: 11.933 Loading class java/lang/InheritableThreadLocal done
Event: 12.151 Loading class java/util/EnumMap$EntryIterator$Entry
Event: 12.151 Loading class java/util/EnumMap$EntryIterator$Entry done

Classes unloaded (0 events):
No events

Classes redefined (0 events):
No events

Internal exceptions (20 events):
Event: 6.661 Thread 0x000001ec96e71580 Exception <a 'java/lang/ClassNotFoundException'{0x00000000835bd0b0}: java/lang/ObjectCustomizer> (0x00000000835bd0b0) 
thrown [s\open\src\hotspot\share\classfile\systemDictionary.cpp, line 255]
Event: 6.662 Thread 0x000001ec96e71580 Exception <a 'java/lang/ClassNotFoundException'{0x00000000835c47e0}: org/springframework/web/servlet/config/annotation/WebMvcConfigurationSupportCustomizer> (0x00000000835c47e0) 
thrown [s\open\src\hotspot\share\classfile\systemDictionary.cpp, line 255]
Event: 6.664 Thread 0x000001ec96e71580 Exception <a 'java/lang/ClassNotFoundException'{0x00000000835d8350}: org/springframework/web/servlet/config/annotation/DelegatingWebMvcConfigurationCustomizer> (0x00000000835d8350) 
thrown [s\open\src\hotspot\share\classfile\systemDictionary.cpp, line 255]
Event: 6.665 Thread 0x000001ec96e71580 Exception <a 'java/lang/ClassNotFoundException'{0x00000000835e1128}: org/springframework/boot/autoconfigure/web/servlet/WebMvcAutoConfiguration$EnableWebMvcConfigurationCustomizer> (0x00000000835e1128) 
thrown [s\open\src\hotspot\share\classfile\systemDictionary.cpp, line 255]
Event: 6.666 Thread 0x000001ec96e71580 Exception <a 'java/lang/ClassNotFoundException'{0x00000000835f2c68}: org/springframework/context/ResourceLoaderAwareCustomizer> (0x00000000835f2c68) 
thrown [s\open\src\hotspot\share\classfile\systemDictionary.cpp, line 255]
Event: 6.666 Thread 0x000001ec96e71580 Exception <a 'java/lang/ClassNotFoundException'{0x00000000835f7558}: org/springframework/beans/factory/AwareCustomizer> (0x00000000835f7558) 
thrown [s\open\src\hotspot\share\classfile\systemDictionary.cpp, line 255]
Event: 6.667 Thread 0x000001ec96e71580 Exception <a 'java/lang/ClassNotFoundException'{0x00000000835fb268}: org/springframework/context/ApplicationContextAwareCustomizer> (0x00000000835fb268) 
thrown [s\open\src\hotspot\share\classfile\systemDictionary.cpp, line 255]
Event: 6.668 Thread 0x000001ec96e71580 Exception <a 'java/lang/ClassNotFoundException'{0x0000000083400650}: org/springframework/beans/factory/AwareCustomizer> (0x0000000083400650) 
thrown [s\open\src\hotspot\share\classfile\systemDictionary.cpp, line 255]
Event: 6.668 Thread 0x000001ec96e71580 Exception <a 'java/lang/ClassNotFoundException'{0x00000000834043b8}: org/springframework/web/context/ServletContextAwareCustomizer> (0x00000000834043b8) 
thrown [s\open\src\hotspot\share\classfile\systemDictionary.cpp, line 255]
Event: 6.669 Thread 0x000001ec96e71580 Exception <a 'java/lang/ClassNotFoundException'{0x00000000834090e0}: org/springframework/beans/factory/AwareCustomizer> (0x00000000834090e0) 
thrown [s\open\src\hotspot\share\classfile\systemDictionary.cpp, line 255]
Event: 6.671 Thread 0x000001ec96e71580 Exception <a 'java/lang/NoSuchMethodError'{0x000000008341c738}: 'java.lang.Object java.lang.invoke.DirectMethodHandle$Holder.newInvokeSpecial(java.lang.Object, java.lang.Object, java.lang.Object, java.lang.Object, java.lang.Object, java.lang.Object, java.lang.Object, java.lang.Object)'> (0x000000008341c738) 
thrown [s\open\src\hotspot\share\interpreter\linkResolver.cpp, line 766]
Event: 6.672 Thread 0x000001ec96e71580 Exception <a 'java/lang/NoSuchMethodError'{0x0000000083421af8}: 'java.lang.Object java.lang.invoke.DirectMethodHandle$Holder.invokeSpecial(java.lang.Object, java.lang.Object, java.lang.Object, java.lang.Object, java.lang.Object, java.lang.Object, java.lang.Object, java.lang.Object, java.lang.Object)'> (0x0000000083421af8) 
thrown [s\open\src\hotspot\share\interpreter\linkResolver.cpp, line 766]
Event: 6.843 Thread 0x000001ec96e71580 Exception <a 'java/lang/NoSuchMethodError'{0x0000000082d84a90}: 'void java.lang.invoke.DirectMethodHandle$Holder.invokeVirtual(java.lang.Object, java.lang.Object, long)'> (0x0000000082d84a90) 
thrown [s\open\src\hotspot\share\interpreter\linkResolver.cpp, line 766]
Event: 6.989 Thread 0x000001ec96e71580 Exception <a 'java/lang/IncompatibleClassChangeError'{0x000000008272ce80}: Found class java.lang.Object, but interface was expected> (0x000000008272ce80) 
thrown [s\open\src\hotspot\share\interpreter\linkResolver.cpp, line 833]
Event: 7.035 Thread 0x000001ec96e71580 Exception <a 'java/lang/NoSuchMethodError'{0x00000000826c2668}: 'int java.lang.invoke.DirectMethodHandle$Holder.invokeStaticInit(java.lang.Object, java.lang.Object, java.lang.Object, java.lang.Object)'> (0x00000000826c2668) 
thrown [s\open\src\hotspot\share\interpreter\linkResolver.cpp, line 766]
Event: 7.236 Thread 0x000001ec96e71580 Exception <a 'java/lang/NoSuchMethodError'{0x0000000083781dd0}: 'java.lang.Object java.lang.invoke.DirectMethodHandle$Holder.invokeSpecial(java.lang.Object, java.lang.Object, int, java.lang.Object, int, java.lang.Object)'> (0x0000000083781dd0) 
thrown [s\open\src\hotspot\share\interpreter\linkResolver.cpp, line 766]
Event: 7.236 Thread 0x000001ec96e71580 Exception <a 'java/lang/NoSuchMethodError'{0x0000000083789bc8}: 'java.lang.Object java.lang.invoke.DirectMethodHandle$Holder.newInvokeSpecial(java.lang.Object, java.lang.Object, int, java.lang.Object, int)'> (0x0000000083789bc8) 
thrown [s\open\src\hotspot\share\interpreter\linkResolver.cpp, line 766]
Event: 7.236 Thread 0x000001ec96e71580 Exception <a 'java/lang/NoSuchMethodError'{0x000000008378dcd0}: 'java.lang.Object java.lang.invoke.DirectMethodHandle$Holder.invokeSpecial(java.lang.Object, java.lang.Object, java.lang.Object, int, java.lang.Object, int)'> (0x000000008378dcd0) 
thrown [s\open\src\hotspot\share\interpreter\linkResolver.cpp, line 766]
Event: 7.237 Thread 0x000001ec96e71580 Exception <a 'java/lang/NoSuchMethodError'{0x0000000083797d30}: 'void java.lang.invoke.DirectMethodHandle$Holder.invokeVirtual(java.lang.Object, java.lang.Object)'> (0x0000000083797d30) 
thrown [s\open\src\hotspot\share\interpreter\linkResolver.cpp, line 766]
Event: 7.642 Thread 0x000001ecb0bd89b0 Exception <a 'java/lang/NoSuchMethodError'{0x0000000083372270}: 'java.lang.Object java.lang.invoke.DirectMethodHandle$Holder.invokeInterface(java.lang.Object, java.lang.Object, java.lang.Object, java.lang.Object, java.lang.Object, java.lang.Object, java.lang.Object)'> (0x0000000083372270) 
thrown [s\open\src\hotspot\share\interpreter\linkResolver.cpp, line 766]

VM Operations (20 events):
Event: 6.959 Executing VM operation: HandshakeAllThreads done
Event: 6.970 Executing VM operation: HandshakeAllThreads
Event: 6.970 Executing VM operation: HandshakeAllThreads done
Event: 7.035 Executing VM operation: G1CollectForAllocation
Event: 7.044 Executing VM operation: G1CollectForAllocation done
Event: 8.056 Executing VM operation: Cleanup
Event: 8.056 Executing VM operation: Cleanup done
Event: 10.073 Executing VM operation: Cleanup
Event: 10.073 Executing VM operation: Cleanup done
Event: 11.858 Executing VM operation: HandshakeAllThreads
Event: 11.858 Executing VM operation: HandshakeAllThreads done
Event: 11.934 Executing VM operation: HandshakeAllThreads
Event: 11.934 Executing VM operation: HandshakeAllThreads done
Event: 11.934 Executing VM operation: Cleanup
Event: 11.935 Executing VM operation: Cleanup done
Event: 11.974 Executing VM operation: HandshakeAllThreads
Event: 11.974 Executing VM operation: HandshakeAllThreads done
Event: 11.991 Executing VM operation: HandshakeAllThreads
Event: 11.991 Executing VM operation: HandshakeAllThreads done
Event: 12.361 Executing VM operation: G1CollectForAllocation

Events (20 events):
Event: 7.248 Thread 0x000001ecb04efb50 Thread added: 0x000001ecb04efb50
Event: 7.248 Thread 0x000001ecb04eece0 Thread added: 0x000001ecb04eece0
Event: 7.248 Thread 0x000001ecb04ed000 Thread added: 0x000001ecb04ed000
Event: 7.249 Thread 0x000001ecb04f0020 Thread added: 0x000001ecb04f0020
Event: 7.249 Thread 0x000001ecb04ef1b0 Thread added: 0x000001ecb04ef1b0
Event: 7.249 Thread 0x000001ecb04f04f0 Thread added: 0x000001ecb04f04f0
Event: 7.264 Thread 0x000001ecb04ed9a0 Thread added: 0x000001ecb04ed9a0
Event: 7.266 Thread 0x000001ecb0bd8010 Thread added: 0x000001ecb0bd8010
Event: 7.287 Thread 0x000001ec96e71580 Thread exited: 0x000001ec96e71580
Event: 7.287 Thread 0x000001ecb0bd7670 Thread added: 0x000001ecb0bd7670
Event: 7.602 Thread 0x000001ecb0bd54c0 Thread added: 0x000001ecb0bd54c0
Event: 7.610 Thread 0x000001ecb0bd54c0 Thread exited: 0x000001ecb0bd54c0
Event: 7.624 Thread 0x000001ecb0bd2970 Thread added: 0x000001ecb0bd2970
Event: 7.625 Thread 0x000001ecb0bd6330 Thread added: 0x000001ecb0bd6330
Event: 7.637 Thread 0x000001ecb0bd89b0 Thread added: 0x000001ecb0bd89b0
Event: 7.638 Thread 0x000001ecb0bd84e0 Thread added: 0x000001ecb0bd84e0
Event: 7.645 Thread 0x000001ecb0bd6330 Thread exited: 0x000001ecb0bd6330
Event: 7.646 Thread 0x000001ecb0bd84e0 Thread exited: 0x000001ecb0bd84e0
Event: 7.648 Thread 0x000001ecb0bd1fd0 Thread added: 0x000001ecb0bd1fd0
Event: 7.656 Thread 0x000001ecb0bd1fd0 Thread exited: 0x000001ecb0bd1fd0


Dynamic libraries:
0x00007ff61b4c0000 - 0x00007ff61b4ce000 	C:\Users\Alex\.jdks\openjdk-18.0.1.1\bin\java.exe
0x00007ffb35390000 - 0x00007ffb35587000 	C:\Windows\SYSTEM32\ntdll.dll
0x00007ffb14410000 - 0x00007ffb14426000 	C:\Program Files\Avast Software\Avast\aswhook.dll
0x00007ffb346a0000 - 0x00007ffb3475d000 	C:\Windows\System32\KERNEL32.DLL
0x00007ffb32c10000 - 0x00007ffb32edd000 	C:\Windows\System32\KERNELBASE.dll
0x00007ffb30380000 - 0x00007ffb30410000 	C:\Windows\SYSTEM32\apphelp.dll
0x00007ffb32ee0000 - 0x00007ffb32fe0000 	C:\Windows\System32\ucrtbase.dll
0x00007ffb1a8f0000 - 0x00007ffb1a907000 	C:\Users\Alex\.jdks\openjdk-18.0.1.1\bin\jli.dll
0x00007ffb34c40000 - 0x00007ffb34de0000 	C:\Windows\System32\USER32.dll
0x00007ffb330f0000 - 0x00007ffb33112000 	C:\Windows\System32\win32u.dll
0x00007ffb34660000 - 0x00007ffb3468a000 	C:\Windows\System32\GDI32.dll
0x00007ffb32fe0000 - 0x00007ffb330eb000 	C:\Windows\System32\gdi32full.dll
0x00007ffb33250000 - 0x00007ffb332ed000 	C:\Windows\System32\msvcp_win.dll
0x00007ffb21c80000 - 0x00007ffb21f1a000 	C:\Windows\WinSxS\amd64_microsoft.windows.common-controls_6595b64144ccf1df_6.0.19041.1110_none_60b5254171f9507e\COMCTL32.dll
0x00007ffb34de0000 - 0x00007ffb34e7e000 	C:\Windows\System32\msvcrt.dll
0x00007ffb2e470000 - 0x00007ffb2e48a000 	C:\Users\Alex\.jdks\openjdk-18.0.1.1\bin\VCRUNTIME140.dll
0x00007ffb33470000 - 0x00007ffb334a0000 	C:\Windows\System32\IMM32.DLL
0x00007ffb1a8e0000 - 0x00007ffb1a8ec000 	C:\Users\Alex\.jdks\openjdk-18.0.1.1\bin\vcruntime140_1.dll
0x00007ffae4040000 - 0x00007ffae40cd000 	C:\Users\Alex\.jdks\openjdk-18.0.1.1\bin\msvcp140.dll
0x00007ffa6bad0000 - 0x00007ffa6c6e0000 	C:\Users\Alex\.jdks\openjdk-18.0.1.1\bin\server\jvm.dll
0x00007ffb33ff0000 - 0x00007ffb3409e000 	C:\Windows\System32\ADVAPI32.dll
0x00007ffb34ac0000 - 0x00007ffb34b5c000 	C:\Windows\System32\sechost.dll
0x00007ffb344d0000 - 0x00007ffb345f5000 	C:\Windows\System32\RPCRT4.dll
0x00007ffb34690000 - 0x00007ffb34698000 	C:\Windows\System32\PSAPI.DLL
0x00007ffb28370000 - 0x00007ffb28379000 	C:\Windows\SYSTEM32\WSOCK32.dll
0x00007ffb341d0000 - 0x00007ffb3423b000 	C:\Windows\System32\WS2_32.dll
0x00007ffb32800000 - 0x00007ffb3280a000 	C:\Windows\SYSTEM32\VERSION.dll
0x00007ffb2b050000 - 0x00007ffb2b077000 	C:\Windows\SYSTEM32\WINMM.dll
0x00007ffb30960000 - 0x00007ffb30972000 	C:\Windows\SYSTEM32\kernel.appcore.dll
0x00007ffb1a8d0000 - 0x00007ffb1a8da000 	C:\Users\Alex\.jdks\openjdk-18.0.1.1\bin\jimage.dll
0x00007ffb1ed90000 - 0x00007ffb1ef74000 	C:\Windows\SYSTEM32\DBGHELP.DLL
0x00007ffb21070000 - 0x00007ffb2109c000 	C:\Windows\SYSTEM32\dbgcore.DLL
0x00007ffb33360000 - 0x00007ffb333e2000 	C:\Windows\System32\bcryptPrimitives.dll
0x00007ffb2e4e0000 - 0x00007ffb2e4ee000 	C:\Users\Alex\.jdks\openjdk-18.0.1.1\bin\instrument.dll
0x00007ffb190c0000 - 0x00007ffb190e5000 	C:\Users\Alex\.jdks\openjdk-18.0.1.1\bin\java.dll
0x00007ffae3c00000 - 0x00007ffae3cd6000 	C:\Users\Alex\.jdks\openjdk-18.0.1.1\bin\jsvml.dll
0x00007ffb335c0000 - 0x00007ffb33d04000 	C:\Windows\System32\SHELL32.dll
0x00007ffb30b60000 - 0x00007ffb312f4000 	C:\Windows\SYSTEM32\windows.storage.dll
0x00007ffb34760000 - 0x00007ffb34ab4000 	C:\Windows\System32\combase.dll
0x00007ffb324a0000 - 0x00007ffb324cc000 	C:\Windows\SYSTEM32\Wldp.dll
0x00007ffb342f0000 - 0x00007ffb3439d000 	C:\Windows\System32\SHCORE.dll
0x00007ffb343a0000 - 0x00007ffb343f5000 	C:\Windows\System32\shlwapi.dll
0x00007ffb329f0000 - 0x00007ffb32a0f000 	C:\Windows\SYSTEM32\profapi.dll
0x00007ffae4020000 - 0x00007ffae4038000 	C:\Users\Alex\.jdks\openjdk-18.0.1.1\bin\zip.dll
0x00007ffb08ba0000 - 0x00007ffb08bb3000 	C:\Users\Alex\.jdks\openjdk-18.0.1.1\bin\net.dll
0x00007ffb27aa0000 - 0x00007ffb27baa000 	C:\Windows\SYSTEM32\WINHTTP.dll
0x00007ffb32190000 - 0x00007ffb321fa000 	C:\Windows\system32\mswsock.dll
0x00007ffb08b80000 - 0x00007ffb08b96000 	C:\Users\Alex\.jdks\openjdk-18.0.1.1\bin\nio.dll
0x00007ffb21430000 - 0x00007ffb2144a000 	C:\Program Files\JetBrains\IntelliJ IDEA 2022.1.3\bin\breakgen64.dll
0x00007ffb31ec0000 - 0x00007ffb31f8b000 	C:\Windows\SYSTEM32\DNSAPI.dll
0x00007ffb31e80000 - 0x00007ffb31ebb000 	C:\Windows\SYSTEM32\IPHLPAPI.DLL
0x00007ffb34240000 - 0x00007ffb34248000 	C:\Windows\System32\NSI.dll
0x00007ffb2ad80000 - 0x00007ffb2ad8a000 	C:\Windows\System32\rasadhlp.dll
0x00007ffb2a6f0000 - 0x00007ffb2a770000 	C:\Windows\System32\fwpuclnt.dll
0x00007ffb33170000 - 0x00007ffb33197000 	C:\Windows\System32\bcrypt.dll
0x00007ffb2e4c0000 - 0x00007ffb2e4c9000 	C:\Users\Alex\.jdks\openjdk-18.0.1.1\bin\management.dll
0x00007ffb21120000 - 0x00007ffb2112b000 	C:\Users\Alex\.jdks\openjdk-18.0.1.1\bin\management_ext.dll
0x00007ffb323f0000 - 0x00007ffb32408000 	C:\Windows\SYSTEM32\CRYPTSP.dll
0x00007ffb31ab0000 - 0x00007ffb31ae4000 	C:\Windows\system32\rsaenh.dll
0x00007ffb32970000 - 0x00007ffb3299e000 	C:\Windows\SYSTEM32\USERENV.dll
0x00007ffb32410000 - 0x00007ffb3241c000 	C:\Windows\SYSTEM32\CRYPTBASE.dll
0x00007ffb2b800000 - 0x00007ffb2b817000 	C:\Windows\SYSTEM32\dhcpcsvc6.DLL
0x00007ffb2b7e0000 - 0x00007ffb2b7fd000 	C:\Windows\SYSTEM32\dhcpcsvc.DLL
0x00007ffb18090000 - 0x00007ffb180a7000 	C:\Windows\system32\napinsp.dll
0x00007ffb180d0000 - 0x00007ffb180eb000 	C:\Windows\system32\pnrpnsp.dll
0x00007ffb180b0000 - 0x00007ffb180c5000 	C:\Windows\system32\wshbth.dll
0x00007ffb2e440000 - 0x00007ffb2e45d000 	C:\Windows\system32\NLAapi.dll
0x00007ffb180f0000 - 0x00007ffb18102000 	C:\Windows\System32\winrnr.dll
0x00007ffb0c620000 - 0x00007ffb0c62e000 	C:\Users\Alex\.jdks\openjdk-18.0.1.1\bin\sunmscapi.dll
0x00007ffb32ab0000 - 0x00007ffb32c06000 	C:\Windows\System32\CRYPT32.dll
0x00007ffb32510000 - 0x00007ffb32537000 	C:\Windows\SYSTEM32\ncrypt.dll
0x00007ffb324d0000 - 0x00007ffb3250b000 	C:\Windows\SYSTEM32\NTASN1.dll

dbghelp: loaded successfully - version: 4.0.5 - missing functions: none
symbol engine: initialized successfully - sym options: 0x614 - pdb path: .;C:\Users\Alex\.jdks\openjdk-18.0.1.1\bin;C:\Windows\SYSTEM32;C:\Program Files\Avast Software\Avast;C:\Windows\WinSxS\amd64_microsoft.windows.common-controls_6595b64144ccf1df_6.0.19041.1110_none_60b5254171f9507e;C:\Users\Alex\.jdks\openjdk-18.0.1.1\bin\server;C:\Program Files\JetBrains\IntelliJ IDEA 2022.1.3\bin

VM Arguments:
jvm_args: -XX:TieredStopAtLevel=1 -Xverify:none -Dspring.output.ansi.enabled=always -Dcom.sun.management.jmxremote -Dspring.jmx.enabled=true -Dspring.liveBeansView.mbeanDomain -Dspring.application.admin.enabled=true -javaagent:C:\Program Files\JetBrains\IntelliJ IDEA 2022.1.3\lib\idea_rt.jar=61719:C:\Program Files\JetBrains\IntelliJ IDEA 2022.1.3\bin -Dfile.encoding=UTF-8 
java_command: com.example.animallist.AnimalListApplication
java_class_path (initial): C:\Users\Alex\webAppTestApp\AnimalList\target\classes;C:\Users\Alex\.m2\repository\org\hibernate\validator\hibernate-validator\6.0.16.Final\hibernate-validator-6.0.16.Final.jar;C:\Users\Alex\.m2\repository\javax\validation\validation-api\2.0.1.Final\validation-api-2.0.1.Final.jar;C:\Users\Alex\.m2\repository\org\jboss\logging\jboss-logging\3.4.3.Final\jboss-logging-3.4.3.Final.jar;C:\Users\Alex\.m2\repository\com\fasterxml\classmate\1.5.1\classmate-1.5.1.jar;C:\Users\Alex\.m2\repository\org\springframework\spring-jdbc\5.3.21\spring-jdbc-5.3.21.jar;C:\Users\Alex\.m2\repository\org\springframework\spring-beans\5.3.21\spring-beans-5.3.21.jar;C:\Users\Alex\.m2\repository\org\springframework\spring-core\5.3.21\spring-core-5.3.21.jar;C:\Users\Alex\.m2\repository\org\springframework\spring-jcl\5.3.21\spring-jcl-5.3.21.jar;C:\Users\Alex\.m2\repository\org\springframework\spring-tx\5.3.21\spring-tx-5.3.21.jar;C:\Users\Alex\.m2\repository\org\springframework\boot\spring-boot-starter-thymeleaf\2.7.0\spring-boot-starter-thymeleaf-2.7.0.jar;C:\Users\Alex\.m2\repository\org\springframework\boot\spring-boot-starter\2.7.1\spring-boot-starter-2.7.1.jar;C:\Users\Alex\.m2\repository\org\springframework\boot\spring-boot\2.7.1\spring-boot-2.7.1.jar;C:\Users\Alex\.m2\repository\org\springframework\boot\spring-boot-autoconfigure\2.7.1\spring-boot-autoconfigure-2.7.1.jar;C:\Users\Alex\.m2\repository\org\springframework\boot\spring-boot-starter-logging\2.7.1\spring-boot-starter-logging-2.7.1.jar;C:\Users\Alex\.m2\repository\ch\qos\logback\logback-classic\1.2.11\logback-classic-1.2.11.jar;C:\Users\Alex\.m2\repository\ch\qos\logback\logback-core\1.2.11\logback-core-1.2.11.jar;C:\Users\Alex\.m2\repository\org\apache\logging\log4j\log4j-to-slf4j\2.17.2\log4j-to-slf4j-2.17.2.jar;C:\Users\Alex\.m2\repository\org\apache\logging\log4j\log4j-api\2.17.2\log4j-api-2.17.2.jar;C:\Users\Alex\.m2\repository\org\slf4j\jul-to-slf4j\1.7.36\jul-to-slf4j-1.7.36.jar;C:\Users\Alex\.m2\repository\jakarta\annotation\jakarta.annotation-api\1.3.5\jakarta.annotation-api-1.3.5.jar;C:\Users\Alex\.m2\repository\org\yaml\snakeyaml\1.30\snakeyaml-1.30.jar;C:\Users\Alex\.m2\repository\org\thymeleaf\thymeleaf-spring5\3.0.15.RELEASE\thymeleaf-spring5-3.0.15.RELEASE.jar;C:\Users\Alex\.m2\repository\org\thymeleaf\thymeleaf\3.0.15.RELEASE\thymeleaf-3.0.15.RELEASE.jar;C:\Users\Alex\.m2\repository\org\attoparser\attoparser\2.0.5.RELEASE\attoparser-2.0.5.RELEASE.jar;C:\Users\Alex\.m2\repository\org\unbescape\unbescape\1.1.6.RELEASE\unbescape-1.1.6.RELEASE.jar;C:\Users\Alex\.m2\repository\org\slf4j\slf4j-api\1.7.36\slf4j-api-1.7.36.jar;C:\Users\Alex\.m2\repository\org\thymeleaf\extras\thymeleaf-extras-java8time\3.0.4.RELEASE\thymeleaf-extras-java8time-3.0.4.RELEASE.jar;C:\Users\Alex\.m2\repository\org\springframework\boot\spring-boot-starter-web\2.7.0\spring-boot-starter-web-2.7.0.jar;C:\Users\Alex\.m2\repository\org\springframework\boot\spring-boot-starter-json\2.7.1\spring-boot-starter-json-2.7.1.jar;C:\Users\Alex\.m2\repository\com\fasterxml\jackson\core\jackson-databind\2.13.3\jackson-databind-2.13.3.jar;C:\Users\Alex\.m2\repository\com\fasterxml\jackson\core\jackson-annotations\2.13.3\jackson-annotations-2.13.3.jar;C:\Users\Alex\.m2\repository\com\fasterxml\jackson\core\jackson-core\2.13.3\jackson-core-2.13.3.jar;C:\Users\Alex\.m2\repository\com\fasterxml\jackson\datatype\jackson-datatype-jdk8\2.13.3\jackson-datatype-jdk8-2.13.3.jar;C:\Users\Alex\.m2\repository\com\fasterxml\jackson\datatype\jackson-datatype-jsr310\2.13.3\jackson-datatype-jsr310-2.13.3.jar;C:\Users\Alex\.m2\repository\com\fasterxml\jackson\module\jackson-module-parameter-names\2.13.3\jackson-module-parameter-names-2.13.3.jar;C:\Users\Alex\.m2\repository\org\springframework\boot\spring-boot-starter-tomcat\2.7.1\spring-boot-starter-tomcat-2.7.1.jar;C:\Users\Alex\.m2\repository\org\apache\tomcat\embed\tomcat-embed-core\9.0.64\tomcat-embed-core-9.0.64.jar;C:\Users\Alex\.m2\repository\org\apache\tomcat\embed\tomcat-embed-el\9.0.64\tomcat-embed-el-9.0.64.jar;C:\Users\Alex\.m2\repository\org\apache\tomcat\embed\tomcat-embed-websocket\9.0.64\tomcat-embed-websocket-9.0.64.jar;C:\Users\Alex\.m2\repository\org\springframework\spring-web\5.3.21\spring-web-5.3.21.jar;C:\Users\Alex\.m2\repository\org\springframework\spring-webmvc\5.3.21\spring-webmvc-5.3.21.jar;C:\Users\Alex\.m2\repository\org\springframework\spring-aop\5.3.21\spring-aop-5.3.21.jar;C:\Users\Alex\.m2\repository\org\springframework\spring-context\5.3.21\spring-context-5.3.21.jar;C:\Users\Alex\.m2\repository\org\springframework\spring-expression\5.3.21\spring-expression-5.3.21.jar;C:\Users\Alex\.m2\repository\org\springframework\boot\spring-boot-starter-data-jpa\2.7.0\spring-boot-starter-data-jpa-2.7.0.jar;C:\Users\Alex\.m2\repository\org\springframework\boot\spring-boot-starter-aop\2.7.1\spring-boot-starter-aop-2.7.1.jar;C:\Users\Alex\.m2\repository\org\aspectj\aspectjweaver\1.9.7\aspectjweaver-1.9.7.jar;C:\Users\Alex\.m2\repository\org\springframework\boot\spring-boot-starter-jdbc\2.7.1\spring-boot-starter-jdbc-2.7.1.jar;C:\Users\Alex\.m2\repository\com\zaxxer\HikariCP\4.0.3\HikariCP-4.0.3.jar;C:\Users\Alex\.m2\repository\jakarta\transaction\jakarta.transaction-api\1.3.3\jakarta.transaction-api-1.3.3.jar;C:\Users\Alex\.m2\repository\jakarta\persistence\jakarta.persistence-api\2.2.3\jakarta.persistence-api-2.2.3.jar;C:\Users\Alex\.m2\repository\org\hibernate\hibernate-core\5.6.9.Final\hibernate-core-5.6.9.Final.jar;C:\Users\Alex\.m2\repository\net\bytebuddy\byte-buddy\1.12.11\byte-buddy-1.12.11.jar;C:\Users\Alex\.m2\repository\antlr\antlr\2.7.7\antlr-2.7.7.jar;C:\Users\Alex\.m2\repository\org\jboss\jandex\2.4.2.Final\jandex-2.4.2.Final.jar;C:\Users\Alex\.m2\repository\org\hibernate\common\hibernate-commons-annotations\5.1.2.Final\hibernate-commons-annotations-5.1.2.Final.jar;C:\Users\Alex\.m2\repository\org\glassfish\jaxb\jaxb-runtime\2.3.6\jaxb-runtime-2.3.6.jar;C:\Users\Alex\.m2\repository\org\glassfish\jaxb\txw2\2.3.6\txw2-2.3.6.jar;C:\Users\Alex\.m2\repository\com\sun\istack\istack-commons-runtime\3.0.12\istack-commons-runtime-3.0.12.jar;C:\Users\Alex\.m2\repository\com\sun\activation\jakarta.activation\1.2.2\jakarta.activation-1.2.2.jar;C:\Users\Alex\.m2\repository\org\springframework\data\spring-data-jpa\2.7.1\spring-data-jpa-2.7.1.jar;C:\Users\Alex\.m2\repository\org\springframework\data\spring-data-commons\2.7.1\spring-data-commons-2.7.1.jar;C:\Users\Alex\.m2\repository\org\springframework\spring-orm\5.3.21\spring-orm-5.3.21.jar;C:\Users\Alex\.m2\repository\org\springframework\spring-aspects\5.3.21\spring-aspects-5.3.21.jar;C:\Users\Alex\.m2\repository\org\postgresql\postgresql\42.3.6\postgresql-42.3.6.jar;C:\Users\Alex\.m2\repository\org\checkerframework\checker-qual\3.5.0\checker-qual-3.5.0.jar;C:\Users\Alex\.m2\repository\jakarta\xml\bind\jakarta.xml.bind-api\2.3.3\jakarta.xml.bind-api-2.3.3.jar;C:\Users\Alex\.m2\repository\jakarta\activation\jakarta.activation-api\1.2.2\jakarta.activation-api-1.2.2.jar
Launcher Type: SUN_STANDARD

[Global flags]
     intx CICompilerCount                          = 3                                         {product} {ergonomic}
     uint ConcGCThreads                            = 2                                         {product} {ergonomic}
     uint G1ConcRefinementThreads                  = 6                                         {product} {ergonomic}
   size_t G1HeapRegionSize                         = 1048576                                   {product} {ergonomic}
    uintx GCDrainStackTargetSize                   = 64                                        {product} {ergonomic}
   size_t InitialHeapSize                          = 134217728                                 {product} {ergonomic}
     bool ManagementServer                         = true                                      {product} {command line}
   size_t MarkStackSize                            = 4194304                                   {product} {ergonomic}
   size_t MaxHeapSize                              = 2143289344                                {product} {ergonomic}
   size_t MaxNewSize                               = 1285554176                                {product} {ergonomic}
   size_t MinHeapDeltaBytes                        = 1048576                                   {product} {ergonomic}
   size_t MinHeapSize                              = 8388608                                   {product} {ergonomic}
    uintx NonProfiledCodeHeapSize                  = 0                                      {pd product} {ergonomic}
     bool ProfileInterpreter                       = false                                  {pd product} {command line}
    uintx ProfiledCodeHeapSize                     = 0                                      {pd product} {ergonomic}
   size_t SoftMaxHeapSize                          = 2143289344                             {manageable} {ergonomic}
     intx TieredStopAtLevel                        = 1                                         {product} {command line}
     bool UseCompressedClassPointers               = true                           {product lp64_product} {ergonomic}
     bool UseCompressedOops                        = true                           {product lp64_product} {ergonomic}
     bool UseG1GC                                  = true                                      {product} {ergonomic}
     bool UseLargePagesIndividualAllocation        = false                                  {pd product} {ergonomic}

Logging:
Log output configuration:
 #0: stdout all=warning uptime,level,tags foldmultilines=false
 #1: stderr all=off uptime,level,tags foldmultilines=false

Environment Variables:
PATH=C:\Program Files (x86)\NVIDIA Corporation\PhysX\Common;C:\ProgramData\Oracle\Java\javapath;C:\Windows\system32;C:\Windows;C:\Windows\System32\Wbem;C:\Windows\System32\WindowsPowerShell\v1.0\;C:\Windows\System32\OpenSSH\;C:\Program Files\Git\cmd;C:\Users\Alex\AppData\Local\Microsoft\WindowsApps;
USERNAME=Alex
OS=Windows_NT
PROCESSOR_IDENTIFIER=AMD64 Family 21 Model 2 Stepping 0, AuthenticAMD



---------------  S Y S T E M  ---------------

OS:
 Windows 10 , 64 bit Build 19041 (10.0.19041.1741)
OS uptime: 0 days 10:59 hours

CPU: total 6 (initial active 6) (6 cores per cpu, 1 threads per core) family 21 model 2 stepping 0 microcode 0x0, cx8, cmov, fxsr, mmx, 3dnowpref, sse, sse2, sse3, ssse3, sse4a, sse4.1, sse4.2, popcnt, lzcnt, tsc, tscinvbit, avx, aes, clmul, bmi1, fma, vzeroupper, clflush

Memory: 4k page, system-wide physical 8175M (655M free)
TotalPageFile size 12905M (AvailPageFile size 9M)
current process WorkingSet (physical memory assigned to process): 177M, peak: 177M
current process commit charge ("private bytes"): 263M, peak: 273M

vm_info: OpenJDK 64-Bit Server VM (18.0.1.1+2-6) for windows-amd64 JRE (18.0.1.1+2-6), built on Apr 25 2022 21:50:56 by "mach5one" with MS VC++ 16.8 / 16.9 (VS2019)

END.
